SF:c:\Users\berna\Desktop\Projeto\TryBlog\src\Tryblog\Program.cs
FN:6,System.Void Program::<Main>$(System.String[])
FNDA:0,System.Void Program::<Main>$(System.String[])
DA:7,0
DA:8,0
DA:13,0
DA:14,0
DA:15,0
DA:16,0
DA:18,0
DA:19,0
DA:20,0
DA:21,0
DA:22,0
DA:23,0
DA:24,0
DA:25,0
DA:26,0
DA:27,0
DA:28,0
DA:29,0
DA:30,0
DA:31,0
DA:32,0
DA:33,0
DA:34,0
DA:35,0
DA:38,0
DA:39,0
DA:40,0
DA:41,0
DA:42,0
DA:43,0
DA:44,0
DA:45,0
DA:46,0
DA:47,0
DA:48,0
DA:49,0
DA:50,0
DA:51,0
DA:52,0
DA:53,0
DA:54,0
DA:55,0
DA:56,0
DA:57,0
DA:58,0
DA:59,0
DA:60,0
DA:61,0
DA:62,0
DA:63,0
DA:64,0
DA:65,0
DA:67,0
DA:70,0
DA:71,0
DA:72,0
DA:73,0
DA:74,0
DA:76,0
DA:78,0
DA:80,0
DA:82,0
DA:84,0
BRDA:70,224,0,0
BRDA:70,224,1,0
LF:63
LH:0
BRF:2
BRH:0
FNF:1
FNH:0
end_of_record
SF:c:\Users\berna\Desktop\Projeto\TryBlog\src\Tryblog\Services\TokenGenerator.cs
FN:13,System.String projeto_final.Services.TokenGenerator::Generate(projeto_final.Models.User)
FNDA:0,System.String projeto_final.Services.TokenGenerator::Generate(projeto_final.Models.User)
DA:14,0
DA:15,0
DA:16,0
DA:17,0
DA:18,0
DA:19,0
DA:20,0
DA:21,0
DA:22,0
DA:23,0
DA:24,0
DA:25,0
FN:27,System.Security.Claims.ClaimsIdentity projeto_final.Services.TokenGenerator::AddClaims(projeto_final.Models.User)
FNDA:0,System.Security.Claims.ClaimsIdentity projeto_final.Services.TokenGenerator::AddClaims(projeto_final.Models.User)
DA:28,0
DA:29,0
DA:30,0
DA:31,0
DA:32,0
LF:17
LH:0
BRF:0
BRH:0
FNF:2
FNH:0
end_of_record
SF:c:\Users\berna\Desktop\Projeto\TryBlog\src\Tryblog\Repository\TryBlogContext.cs
FN:7,Microsoft.EntityFrameworkCore.DbSet`1<projeto_final.Models.Post> projeto_final.Repository.TryBlogContext::get_Posts()
FNDA:0,Microsoft.EntityFrameworkCore.DbSet`1<projeto_final.Models.Post> projeto_final.Repository.TryBlogContext::get_Posts()
DA:8,0
FN:8,Microsoft.EntityFrameworkCore.DbSet`1<projeto_final.Models.User> projeto_final.Repository.TryBlogContext::get_Users()
FNDA:0,Microsoft.EntityFrameworkCore.DbSet`1<projeto_final.Models.User> projeto_final.Repository.TryBlogContext::get_Users()
DA:9,0
FN:12,System.Void projeto_final.Repository.TryBlogContext::OnConfiguring(Microsoft.EntityFrameworkCore.DbContextOptionsBuilder)
FNDA:0,System.Void projeto_final.Repository.TryBlogContext::OnConfiguring(Microsoft.EntityFrameworkCore.DbContextOptionsBuilder)
DA:13,0
DA:14,0
DA:15,0
DA:16,0
DA:17,0
DA:18,0
DA:19,0
DA:20,0
DA:21,0
DA:22,0
DA:23,0
DA:24,0
BRDA:14,12,0,0
BRDA:14,12,1,0
FN:9,System.Void projeto_final.Repository.TryBlogContext::.ctor(Microsoft.EntityFrameworkCore.DbContextOptions`1<projeto_final.Repository.TryBlogContext>)
FNDA:0,System.Void projeto_final.Repository.TryBlogContext::.ctor(Microsoft.EntityFrameworkCore.DbContextOptions`1<projeto_final.Repository.TryBlogContext>)
DA:10,0
LF:15
LH:0
BRF:2
BRH:0
FNF:4
FNH:0
end_of_record
SF:c:\Users\berna\Desktop\Projeto\TryBlog\src\Tryblog\Repository\TryBlogRepository.cs
FN:12,System.Collections.Generic.IEnumerable`1<projeto_final.Models.User> projeto_final.Repository.TryBlogRepository::GetAllUsers()
FNDA:0,System.Collections.Generic.IEnumerable`1<projeto_final.Models.User> projeto_final.Repository.TryBlogRepository::GetAllUsers()
DA:13,0
DA:14,0
DA:15,0
FN:16,projeto_final.Models.User projeto_final.Repository.TryBlogRepository::GetUserByEmail(System.String)
FNDA:0,projeto_final.Models.User projeto_final.Repository.TryBlogRepository::GetUserByEmail(System.String)
DA:17,0
DA:18,0
DA:19,0
FN:20,projeto_final.Models.User projeto_final.Repository.TryBlogRepository::GetUserById(System.Guid)
FNDA:0,projeto_final.Models.User projeto_final.Repository.TryBlogRepository::GetUserById(System.Guid)
DA:21,0
DA:22,0
DA:23,0
FN:23,System.Void projeto_final.Repository.TryBlogRepository::CreateUser(projeto_final.Models.User)
FNDA:0,System.Void projeto_final.Repository.TryBlogRepository::CreateUser(projeto_final.Models.User)
DA:24,0
DA:25,0
DA:26,0
DA:27,0
FN:27,System.Void projeto_final.Repository.TryBlogRepository::UpdateUser(projeto_final.Models.User)
FNDA:0,System.Void projeto_final.Repository.TryBlogRepository::UpdateUser(projeto_final.Models.User)
DA:28,0
DA:29,0
DA:30,0
DA:31,0
FN:31,System.Void projeto_final.Repository.TryBlogRepository::DeleteUser(projeto_final.Models.User)
FNDA:0,System.Void projeto_final.Repository.TryBlogRepository::DeleteUser(projeto_final.Models.User)
DA:32,0
DA:33,0
DA:34,0
DA:35,0
FN:36,System.Collections.Generic.IEnumerable`1<projeto_final.Models.Post> projeto_final.Repository.TryBlogRepository::GetPostsByUser(System.Guid)
FNDA:0,System.Collections.Generic.IEnumerable`1<projeto_final.Models.Post> projeto_final.Repository.TryBlogRepository::GetPostsByUser(System.Guid)
DA:37,0
DA:38,0
DA:39,0
FN:39,projeto_final.Models.Post projeto_final.Repository.TryBlogRepository::GetPost(System.Guid)
FNDA:0,projeto_final.Models.Post projeto_final.Repository.TryBlogRepository::GetPost(System.Guid)
DA:40,0
DA:41,0
DA:42,0
FN:42,System.Void projeto_final.Repository.TryBlogRepository::CreatePost(projeto_final.Models.Post)
FNDA:0,System.Void projeto_final.Repository.TryBlogRepository::CreatePost(projeto_final.Models.Post)
DA:43,0
DA:44,0
DA:45,0
DA:46,0
FN:46,System.Void projeto_final.Repository.TryBlogRepository::UpdatePost(System.Guid,projeto_final.Models.Post)
FNDA:0,System.Void projeto_final.Repository.TryBlogRepository::UpdatePost(System.Guid,projeto_final.Models.Post)
DA:47,0
DA:48,0
DA:49,0
DA:50,0
FN:50,System.Void projeto_final.Repository.TryBlogRepository::DeletePost(System.Guid)
FNDA:0,System.Void projeto_final.Repository.TryBlogRepository::DeletePost(System.Guid)
DA:51,0
DA:52,0
DA:53,0
DA:54,0
DA:55,0
FN:7,System.Void projeto_final.Repository.TryBlogRepository::.ctor(projeto_final.Repository.ITryBlogContext)
FNDA:0,System.Void projeto_final.Repository.TryBlogRepository::.ctor(projeto_final.Repository.ITryBlogContext)
DA:8,0
DA:9,0
DA:10,0
DA:11,0
LF:44
LH:0
BRF:0
BRH:0
FNF:12
FNH:0
end_of_record
SF:c:\Users\berna\Desktop\Projeto\TryBlog\src\Tryblog\Models\Post.cs
FN:5,System.Guid projeto_final.Models.Post::get_PostId()
FNDA:0,System.Guid projeto_final.Models.Post::get_PostId()
DA:6,0
FN:7,System.String projeto_final.Models.Post::get_Content()
FNDA:0,System.String projeto_final.Models.Post::get_Content()
DA:8,0
FN:8,System.DateTimeOffset projeto_final.Models.Post::get_CreatedAt()
FNDA:0,System.DateTimeOffset projeto_final.Models.Post::get_CreatedAt()
DA:9,0
FN:9,System.DateTimeOffset projeto_final.Models.Post::get_LastModified()
FNDA:0,System.DateTimeOffset projeto_final.Models.Post::get_LastModified()
DA:10,0
FN:10,System.Nullable`1<System.Guid> projeto_final.Models.Post::get_UserId()
FNDA:0,System.Nullable`1<System.Guid> projeto_final.Models.Post::get_UserId()
DA:11,0
LF:5
LH:0
BRF:0
BRH:0
FNF:5
FNH:0
end_of_record
SF:c:\Users\berna\Desktop\Projeto\TryBlog\src\Tryblog\Models\User.cs
FN:5,System.Nullable`1<System.Guid> projeto_final.Models.User::get_UserId()
FNDA:0,System.Nullable`1<System.Guid> projeto_final.Models.User::get_UserId()
DA:6,0
FN:6,System.String projeto_final.Models.User::get_Username()
FNDA:0,System.String projeto_final.Models.User::get_Username()
DA:7,0
FN:7,System.String projeto_final.Models.User::get_Email()
FNDA:0,System.String projeto_final.Models.User::get_Email()
DA:8,0
FN:8,System.String projeto_final.Models.User::get_Password()
FNDA:0,System.String projeto_final.Models.User::get_Password()
DA:9,0
FN:11,System.Collections.Generic.ICollection`1<projeto_final.Models.Post> projeto_final.Models.User::get_Posts()
FNDA:0,System.Collections.Generic.ICollection`1<projeto_final.Models.Post> projeto_final.Models.User::get_Posts()
DA:12,0
LF:5
LH:0
BRF:0
BRH:0
FNF:5
FNH:0
end_of_record
SF:c:\Users\berna\Desktop\Projeto\TryBlog\src\Tryblog\Controllers\AuthenticationController.cs
FN:22,Microsoft.AspNetCore.Mvc.IActionResult projeto_final.Controllers.AuthenticationController::Login(projeto_final.Models.User)
FNDA:0,Microsoft.AspNetCore.Mvc.IActionResult projeto_final.Controllers.AuthenticationController::Login(projeto_final.Models.User)
DA:23,0
DA:24,0
DA:25,0
DA:26,0
DA:27,0
DA:29,0
DA:30,0
DA:31,0
DA:33,0
DA:34,0
DA:35,0
DA:36,0
BRDA:25,25,0,0
BRDA:25,25,1,0
BRDA:29,63,0,0
BRDA:29,63,1,0
FN:41,Microsoft.AspNetCore.Mvc.IActionResult projeto_final.Controllers.AuthenticationController::Signup(projeto_final.Models.User)
FNDA:0,Microsoft.AspNetCore.Mvc.IActionResult projeto_final.Controllers.AuthenticationController::Signup(projeto_final.Models.User)
DA:42,0
DA:43,0
DA:44,0
DA:45,0
DA:46,0
DA:47,0
DA:48,0
DA:49,0
DA:51,0
DA:52,0
DA:54,0
DA:55,0
DA:56,0
DA:58,0
DA:59,0
BRDA:44,25,0,0
BRDA:44,25,1,0
BRDA:47,48,0,0
BRDA:47,48,1,0
BRDA:47,66,0,0
BRDA:47,66,1,0
FN:14,System.Void projeto_final.Controllers.AuthenticationController::.ctor(projeto_final.Repository.ITryBlogRepository)
FNDA:0,System.Void projeto_final.Controllers.AuthenticationController::.ctor(projeto_final.Repository.ITryBlogRepository)
DA:15,0
DA:16,0
DA:17,0
DA:18,0
LF:31
LH:0
BRF:10
BRH:0
FNF:3
FNH:0
end_of_record
SF:c:\Users\berna\Desktop\Projeto\TryBlog\src\Tryblog\Controllers\PostController.cs
FN:23,Microsoft.AspNetCore.Mvc.IActionResult projeto_final.Controllers.PostController::GetPost(System.Guid)
FNDA:0,Microsoft.AspNetCore.Mvc.IActionResult projeto_final.Controllers.PostController::GetPost(System.Guid)
DA:24,0
DA:25,0
DA:26,0
DA:27,0
DA:28,0
DA:30,0
DA:31,0
BRDA:26,20,0,0
BRDA:26,20,1,0
FN:35,Microsoft.AspNetCore.Mvc.IActionResult projeto_final.Controllers.PostController::GetAll(System.Guid)
FNDA:0,Microsoft.AspNetCore.Mvc.IActionResult projeto_final.Controllers.PostController::GetAll(System.Guid)
DA:36,0
DA:37,0
DA:38,0
FN:42,Microsoft.AspNetCore.Mvc.IActionResult projeto_final.Controllers.PostController::CreatePost(projeto_final.Models.Post)
FNDA:0,Microsoft.AspNetCore.Mvc.IActionResult projeto_final.Controllers.PostController::CreatePost(projeto_final.Models.Post)
DA:43,0
DA:44,0
DA:45,0
DA:46,0
DA:47,0
DA:49,0
DA:50,0
DA:51,0
DA:52,0
DA:53,0
DA:54,0
DA:55,0
BRDA:46,87,0,0
BRDA:46,87,1,0
FN:59,Microsoft.AspNetCore.Mvc.IActionResult projeto_final.Controllers.PostController::UpdatePost(System.Guid,projeto_final.Models.Post)
FNDA:0,Microsoft.AspNetCore.Mvc.IActionResult projeto_final.Controllers.PostController::UpdatePost(System.Guid,projeto_final.Models.Post)
DA:60,0
DA:61,0
DA:62,0
DA:63,0
DA:64,0
DA:65,0
DA:67,0
DA:68,0
DA:69,0
DA:71,0
DA:72,0
DA:74,0
DA:75,0
DA:76,0
DA:77,0
DA:78,0
DA:79,0
DA:80,0
BRDA:64,102,0,0
BRDA:64,102,1,0
BRDA:67,126,0,0
BRDA:67,126,1,0
BRDA:71,165,0,0
BRDA:71,165,1,0
BRDA:71,177,0,0
BRDA:71,177,1,0
BRDA:71,200,0,0
BRDA:71,200,1,0
FN:84,Microsoft.AspNetCore.Mvc.IActionResult projeto_final.Controllers.PostController::DeletePost(System.Guid)
FNDA:0,Microsoft.AspNetCore.Mvc.IActionResult projeto_final.Controllers.PostController::DeletePost(System.Guid)
DA:85,0
DA:86,0
DA:87,0
DA:88,0
DA:89,0
DA:90,0
DA:91,0
DA:93,0
DA:94,0
DA:96,0
DA:97,0
DA:98,0
BRDA:89,102,0,0
BRDA:89,102,1,0
BRDA:93,133,0,0
BRDA:93,133,1,0
BRDA:93,145,0,0
BRDA:93,145,1,0
BRDA:93,168,0,0
BRDA:93,168,1,0
FN:15,System.Void projeto_final.Controllers.PostController::.ctor(projeto_final.Repository.ITryBlogRepository)
FNDA:0,System.Void projeto_final.Controllers.PostController::.ctor(projeto_final.Repository.ITryBlogRepository)
DA:16,0
DA:17,0
DA:18,0
DA:19,0
LF:56
LH:0
BRF:22
BRH:0
FNF:6
FNH:0
end_of_record
SF:c:\Users\berna\Desktop\Projeto\TryBlog\src\Tryblog\Controllers\UserController.cs
FN:23,Microsoft.AspNetCore.Mvc.IActionResult projeto_final.Controllers.UserController::FindUser(System.Guid)
FNDA:0,Microsoft.AspNetCore.Mvc.IActionResult projeto_final.Controllers.UserController::FindUser(System.Guid)
DA:24,0
DA:25,0
DA:26,0
DA:27,0
DA:28,0
DA:30,0
DA:31,0
DA:32,0
BRDA:26,20,0,0
BRDA:26,20,1,0
FN:36,Microsoft.AspNetCore.Mvc.IActionResult projeto_final.Controllers.UserController::UpdateUser(System.Guid,projeto_final.Models.User)
FNDA:0,Microsoft.AspNetCore.Mvc.IActionResult projeto_final.Controllers.UserController::UpdateUser(System.Guid,projeto_final.Models.User)
DA:37,0
DA:38,0
DA:39,0
DA:40,0
DA:41,0
DA:42,0
DA:44,0
DA:45,0
DA:46,0
DA:48,0
DA:49,0
DA:51,0
DA:52,0
DA:54,0
DA:55,0
DA:56,0
BRDA:41,95,0,0
BRDA:41,103,0,0
BRDA:41,111,0,0
BRDA:41,95,1,0
BRDA:41,103,1,0
BRDA:41,111,1,0
BRDA:41,129,0,0
BRDA:41,129,1,0
BRDA:44,153,0,0
BRDA:44,153,1,0
BRDA:48,189,0,0
BRDA:48,189,1,0
BRDA:48,201,0,0
BRDA:48,201,1,0
BRDA:48,224,0,0
BRDA:48,224,1,0
FN:60,Microsoft.AspNetCore.Mvc.IActionResult projeto_final.Controllers.UserController::DeleteUser(System.Guid)
FNDA:0,Microsoft.AspNetCore.Mvc.IActionResult projeto_final.Controllers.UserController::DeleteUser(System.Guid)
DA:61,0
DA:62,0
DA:63,0
DA:64,0
DA:65,0
DA:66,0
DA:67,0
DA:69,0
DA:70,0
DA:72,0
DA:73,0
DA:74,0
BRDA:65,102,0,0
BRDA:65,102,1,0
BRDA:69,138,0,0
BRDA:69,138,1,0
BRDA:69,150,0,0
BRDA:69,150,1,0
BRDA:69,173,0,0
BRDA:69,173,1,0
FN:15,System.Void projeto_final.Controllers.UserController::.ctor(projeto_final.Repository.ITryBlogRepository)
FNDA:0,System.Void projeto_final.Controllers.UserController::.ctor(projeto_final.Repository.ITryBlogRepository)
DA:16,0
DA:17,0
DA:18,0
DA:19,0
LF:40
LH:0
BRF:26
BRH:0
FNF:4
FNH:0
end_of_record